INFO:     Started server process [22268]
INFO:     Waiting for application startup.

[1;36m=======================================================[0m
[1;36m██████╗ ███████╗███████╗ ██████╗[0m
[1;36m██╔══██╗██╔════╝██╔════╝██╔═══██╗[0m
[1;36m██████╔╝█████╗  ███████╗██║   ██║[0m
[1;36m██╔══██╗██╔══╝  ╚════██║██║▄▄ ██║[0m
[1;36m██║  ██║███████╗███████║╚██████╔╝[0m
[1;36m╚═╝  ╚═╝╚══════╝╚══════╝ ╚══▀▀═╝ [0m
[1;36m=======================================================[0m
[1;37m  AI-Powered Emergency Response Platform[0m
[90m  v1.0.0 | MongoDB | DeepInfra | SMS Gate[0m

[32m[START] [0m [32mINFO   [0m Starting ResQ server...[0m
[32m[START] [0m [32mINFO   [0m Connected to MongoDB[0m
[32m[SCHED] [0m [32mINFO   [0m Radius expansion scheduler started (5min intervals)[0m
[32m[START] [0m [32mINFO   [0m Radius expansion scheduler started (5min intervals)[0m
[32m[START] [0m [32mINFO   [0m Server ready - listening for requests[0m
INFO:     Application startup complete.
INFO:     Uvicorn running on http://0.0.0.0:8000 (Press CTRL+C to quit)
^C